TokenLoginHandler initialized
TokenLoginHandler initialized
TokenLoginHandler initialized
User not found in file (easyconnect) at Wed Nov 10 07:44:11 2021
User not found in file (easyconnect) at Wed Nov 10 07:44:11 2021
User not found in file (easyconnect) at Wed Nov 10 07:44:11 2021
User not found in file (easyconnect) at Wed Nov 10 07:44:11 2021
Wrote tokens to file in 0.1419 ms, at Wed Nov 10 07:44:11 2021
Wrote tokens to file in 0.1419 ms, at Wed Nov 10 07:44:11 2021
Generated token for user: EasyConnect in 2.0847 ms, at Wed Nov 10 07:44:11 2021
Generated token for user: EasyConnect in 2.0847 ms, at Wed Nov 10 07:44:11 2021
TokenLoginHandler initialized
TokenLoginHandler initialized
TokenLoginHandler initialized
User not found in file (easyconnect) at Wed Nov 10 07:50:00 2021
User not found in file (easyconnect) at Wed Nov 10 07:50:00 2021
User not found in file (easyconnect) at Wed Nov 10 07:50:00 2021
User not found in file (easyconnect) at Wed Nov 10 07:50:00 2021
Wrote tokens to file in 0.0889 ms, at Wed Nov 10 07:50:00 2021
Wrote tokens to file in 0.0889 ms, at Wed Nov 10 07:50:00 2021
Generated token for user: EasyConnect in 1.2109 ms, at Wed Nov 10 07:50:00 2021
Generated token for user: EasyConnect in 1.2109 ms, at Wed Nov 10 07:50:00 2021
Read token from file for user: easyconnect, at Wed Nov 10 07:50:01 2021 in 0.231 ms
Read token from file for user: easyconnect, at Wed Nov 10 07:50:01 2021 in 0.231 ms
Found token for user: EasyConnect in 0.5488 ms, at Wed Nov 10 07:50:01 2021
Found token for user: EasyConnect in 0.5488 ms, at Wed Nov 10 07:50:01 2021
TokenLoginHandler initialized
TokenLoginHandler initialized
TokenLoginHandler initialized
Read token from file for user: easyconnect, at Wed Nov 10 07:56:05 2021 in 0.7749 ms
Read token from file for user: easyconnect, at Wed Nov 10 07:56:05 2021 in 0.7749 ms
TokenLoginHandler initialized
TokenLoginHandler initialized
TokenLoginHandler initialized
TokenLoginHandler initialized
TokenLoginHandler initialized
TokenLoginHandler initialized
TokenLoginHandler initialized
User not found in file (easyconnect) at Wed Nov 10 07:56:33 2021
User not found in file (easyconnect) at Wed Nov 10 07:56:33 2021
User not found in file (easyconnect) at Wed Nov 10 07:56:33 2021
User not found in file (easyconnect) at Wed Nov 10 07:56:33 2021
User not found in file (easyconnect) at Wed Nov 10 07:56:33 2021
User not found in file (easyconnect) at Wed Nov 10 07:56:33 2021
User not found in file (easyconnect) at Wed Nov 10 07:56:33 2021
User not found in file (easyconnect) at Wed Nov 10 07:56:33 2021
Wrote tokens to file in 0.206 ms, at Wed Nov 10 07:56:33 2021
Wrote tokens to file in 0.206 ms, at Wed Nov 10 07:56:33 2021
Wrote tokens to file in 0.206 ms, at Wed Nov 10 07:56:33 2021
Wrote tokens to file in 0.206 ms, at Wed Nov 10 07:56:33 2021
Generated token for user: EasyConnect in 2.434 ms, at Wed Nov 10 07:56:33 2021
Generated token for user: EasyConnect in 2.434 ms, at Wed Nov 10 07:56:33 2021
Generated token for user: EasyConnect in 2.434 ms, at Wed Nov 10 07:56:33 2021
Generated token for user: EasyConnect in 2.434 ms, at Wed Nov 10 07:56:33 2021
Read token from file for user: easyconnect, at Wed Nov 10 07:56:34 2021 in 0.2341 ms
Read token from file for user: easyconnect, at Wed Nov 10 07:56:34 2021 in 0.2341 ms
Read token from file for user: easyconnect, at Wed Nov 10 07:56:34 2021 in 0.2341 ms
Read token from file for user: easyconnect, at Wed Nov 10 07:56:34 2021 in 0.2341 ms
Found token for user: EasyConnect in 0.7169 ms, at Wed Nov 10 07:56:34 2021
Found token for user: EasyConnect in 0.7169 ms, at Wed Nov 10 07:56:34 2021
Found token for user: EasyConnect in 0.7169 ms, at Wed Nov 10 07:56:34 2021
Found token for user: EasyConnect in 0.7169 ms, at Wed Nov 10 07:56:34 2021
TokenLoginHandler initialized
TokenLoginHandler initialized
TokenLoginHandler initialized
TokenLoginHandler initialized
TokenLoginHandler initialized
TokenLoginHandler initialized
TokenLoginHandler initialized
TokenLoginHandler initialized
TokenLoginHandler initialized
TokenLoginHandler initialized
TokenLoginHandler initialized
Read token from file for user: easyconnect, at Wed Nov 10 07:57:22 2021 in 0.169 ms
Read token from file for user: easyconnect, at Wed Nov 10 07:57:22 2021 in 0.169 ms
Read token from file for user: easyconnect, at Wed Nov 10 07:57:22 2021 in 0.169 ms
Read token from file for user: easyconnect, at Wed Nov 10 07:57:22 2021 in 0.169 ms
Read token from file for user: easyconnect, at Wed Nov 10 07:57:22 2021 in 0.169 ms
Read token from file for user: easyconnect, at Wed Nov 10 07:57:22 2021 in 0.169 ms
TokenLoginHandler initialized
TokenLoginHandler initialized
TokenLoginHandler initialized
TokenLoginHandler initialized
TokenLoginHandler initialized
TokenLoginHandler initialized
TokenLoginHandler initialized
TokenLoginHandler initialized
TokenLoginHandler initialized
TokenLoginHandler initialized
TokenLoginHandler initialized
TokenLoginHandler initialized
TokenLoginHandler initialized
TokenLoginHandler initialized
TokenLoginHandler initialized
User not found in file (test2org) at Wed Nov 10 07:59:51 2021
User not found in file (test2org) at Wed Nov 10 07:59:51 2021
User not found in file (test2org) at Wed Nov 10 07:59:51 2021
User not found in file (test2org) at Wed Nov 10 07:59:51 2021
User not found in file (test2org) at Wed Nov 10 07:59:51 2021
User not found in file (test2org) at Wed Nov 10 07:59:51 2021
User not found in file (test2org) at Wed Nov 10 07:59:51 2021
User not found in file (test2org) at Wed Nov 10 07:59:51 2021
User not found in file (test2org) at Wed Nov 10 07:59:51 2021
User not found in file (test2org) at Wed Nov 10 07:59:51 2021
User not found in file (test2org) at Wed Nov 10 07:59:51 2021
User not found in file (test2org) at Wed Nov 10 07:59:51 2021
User not found in file (test2org) at Wed Nov 10 07:59:51 2021
User not found in file (test2org) at Wed Nov 10 07:59:51 2021
User not found in file (test2org) at Wed Nov 10 07:59:51 2021
User not found in file (test2org) at Wed Nov 10 07:59:51 2021
Wrote tokens to file in 0.2282 ms, at Wed Nov 10 07:59:51 2021
Wrote tokens to file in 0.2282 ms, at Wed Nov 10 07:59:51 2021
Wrote tokens to file in 0.2282 ms, at Wed Nov 10 07:59:51 2021
Wrote tokens to file in 0.2282 ms, at Wed Nov 10 07:59:51 2021
Wrote tokens to file in 0.2282 ms, at Wed Nov 10 07:59:51 2021
Wrote tokens to file in 0.2282 ms, at Wed Nov 10 07:59:51 2021
Wrote tokens to file in 0.2282 ms, at Wed Nov 10 07:59:51 2021
Wrote tokens to file in 0.2282 ms, at Wed Nov 10 07:59:51 2021
Generated token for user: Test2org in 5.8422 ms, at Wed Nov 10 07:59:51 2021
Generated token for user: Test2org in 5.8422 ms, at Wed Nov 10 07:59:51 2021
Generated token for user: Test2org in 5.8422 ms, at Wed Nov 10 07:59:51 2021
Generated token for user: Test2org in 5.8422 ms, at Wed Nov 10 07:59:51 2021
Generated token for user: Test2org in 5.8422 ms, at Wed Nov 10 07:59:51 2021
Generated token for user: Test2org in 5.8422 ms, at Wed Nov 10 07:59:51 2021
Generated token for user: Test2org in 5.8422 ms, at Wed Nov 10 07:59:51 2021
Generated token for user: Test2org in 5.8422 ms, at Wed Nov 10 07:59:51 2021
Read token from file for user: test2org, at Wed Nov 10 07:59:51 2021 in 0.1669 ms
Read token from file for user: test2org, at Wed Nov 10 07:59:51 2021 in 0.1669 ms
Read token from file for user: test2org, at Wed Nov 10 07:59:51 2021 in 0.1669 ms
Read token from file for user: test2org, at Wed Nov 10 07:59:51 2021 in 0.1669 ms
Read token from file for user: test2org, at Wed Nov 10 07:59:51 2021 in 0.1669 ms
Read token from file for user: test2org, at Wed Nov 10 07:59:51 2021 in 0.1669 ms
Read token from file for user: test2org, at Wed Nov 10 07:59:51 2021 in 0.1669 ms
Read token from file for user: test2org, at Wed Nov 10 07:59:51 2021 in 0.1669 ms
Found token for user: Test2org in 0.6199 ms, at Wed Nov 10 07:59:51 2021
Found token for user: Test2org in 0.6199 ms, at Wed Nov 10 07:59:51 2021
Found token for user: Test2org in 0.6199 ms, at Wed Nov 10 07:59:51 2021
Found token for user: Test2org in 0.6199 ms, at Wed Nov 10 07:59:51 2021
Found token for user: Test2org in 0.6199 ms, at Wed Nov 10 07:59:51 2021
Found token for user: Test2org in 0.6199 ms, at Wed Nov 10 07:59:51 2021
Found token for user: Test2org in 0.6199 ms, at Wed Nov 10 07:59:51 2021
Found token for user: Test2org in 0.6199 ms, at Wed Nov 10 07:59:51 2021
TokenLoginHandler initialized
TokenLoginHandler initialized
TokenLoginHandler initialized
User not found in file (easyconnect) at Wed Nov 10 08:04:00 2021
User not found in file (easyconnect) at Wed Nov 10 08:04:00 2021
User not found in file (easyconnect) at Wed Nov 10 08:04:00 2021
User not found in file (easyconnect) at Wed Nov 10 08:04:00 2021
Wrote tokens to file in 0.1302 ms, at Wed Nov 10 08:04:00 2021
Wrote tokens to file in 0.1302 ms, at Wed Nov 10 08:04:00 2021
Generated token for user: EasyConnect in 2.208 ms, at Wed Nov 10 08:04:00 2021
Generated token for user: EasyConnect in 2.208 ms, at Wed Nov 10 08:04:00 2021
Read token from file for user: easyconnect, at Wed Nov 10 08:04:01 2021 in 0.1709 ms
Read token from file for user: easyconnect, at Wed Nov 10 08:04:01 2021 in 0.1709 ms
Found token for user: EasyConnect in 0.4189 ms, at Wed Nov 10 08:04:01 2021
Found token for user: EasyConnect in 0.4189 ms, at Wed Nov 10 08:04:01 2021
TokenLoginHandler initialized
TokenLoginHandler initialized
TokenLoginHandler initialized
TokenLoginHandler initialized
TokenLoginHandler initialized
TokenLoginHandler initialized
TokenLoginHandler initialized
TokenLoginHandler initialized
User not found in file (none) at Wed Nov 10 08:30:52 2021
TokenLoginHandler initialized
User not found in file (none) at Wed Nov 10 08:32:40 2021
TokenLoginHandler initialized
TokenLoginHandler initialized
TokenLoginHandler initialized
TokenLoginHandler initialized
TokenLoginHandler initialized
User not found in file (none) at Wed Nov 10 08:33:14 2021
User not found in file (none) at Wed Nov 10 08:33:14 2021
User not found in file (none) at Wed Nov 10 08:33:14 2021
TokenLoginHandler initialized
TokenLoginHandler initialized
TokenLoginHandler initialized
TokenLoginHandler initialized
TokenLoginHandler initialized
TokenLoginHandler initialized
TokenLoginHandler initialized
TokenLoginHandler initialized
TokenLoginHandler initialized
TokenLoginHandler initialized
TokenLoginHandler initialized
TokenLoginHandler initialized
TokenLoginHandler initialized
TokenLoginHandler initialized
TokenLoginHandler initialized
TokenLoginHandler initialized
TokenLoginHandler initialized
TokenLoginHandler initialized
TokenLoginHandler initialized
TokenLoginHandler initialized
TokenLoginHandler initialized
TokenLoginHandler initialized
User not found in file (none) at Wed Nov 10 08:35:58 2021
User not found in file (none) at Wed Nov 10 08:35:58 2021
User not found in file (none) at Wed Nov 10 08:35:58 2021
User not found in file (none) at Wed Nov 10 08:35:58 2021
User not found in file (none) at Wed Nov 10 08:35:58 2021
User not found in file (none) at Wed Nov 10 08:35:58 2021
User not found in file (none) at Wed Nov 10 08:35:58 2021
TokenLoginHandler initialized
TokenLoginHandler initialized
TokenLoginHandler initialized
TokenLoginHandler initialized
TokenLoginHandler initialized
TokenLoginHandler initialized
TokenLoginHandler initialized
TokenLoginHandler initialized
TokenLoginHandler initialized
TokenLoginHandler initialized
TokenLoginHandler initialized
User not found in file (none) at Wed Nov 10 08:38:27 2021
User not found in file (none) at Wed Nov 10 08:38:27 2021
TokenLoginHandler initialized
TokenLoginHandler initialized
TokenLoginHandler initialized
TokenLoginHandler initialized
User not found in file (none) at Wed Nov 10 08:40:31 2021
TokenLoginHandler initialized
TokenLoginHandler initialized
TokenLoginHandler initialized
User not found in file (none) at Wed Nov 10 08:42:52 2021
TokenLoginHandler initialized
TokenLoginHandler initialized
TokenLoginHandler initialized
User not found in file (none) at Wed Nov 10 08:43:50 2021
TokenLoginHandler initialized
TokenLoginHandler initialized
TokenLoginHandler initialized
User not found in file (none) at Wed Nov 10 08:44:42 2021
Read token from file for user: easyconnect, at Wed Nov 10 08:44:42 2021 in 0.35 ms
Found token for user: easyconnect in 0.627 ms, at Wed Nov 10 08:44:42 2021
TokenLoginHandler initialized
TokenLoginHandler initialized
TokenLoginHandler initialized
User not found in file (qelmijek53vcarivpi5nea) at Wed Nov 10 08:46:05 2021
Read token from file for user: easyconnect, at Wed Nov 10 08:46:05 2021 in 0.1452 ms
Found token for user: easyconnect in 0.3541 ms, at Wed Nov 10 08:46:05 2021
TokenLoginHandler initialized
TokenLoginHandler initialized
TokenLoginHandler initialized
Read token from file for user: easyconnect, at Wed Nov 10 08:48:01 2021 in 0.731 ms
Read token from file for user: easyconnect, at Wed Nov 10 08:48:01 2021 in 0.138 ms
Found token for user: easyconnect in 0.2542 ms, at Wed Nov 10 08:48:01 2021
TokenLoginHandler initialized
TokenLoginHandler initialized
TokenLoginHandler initialized
Read token from file for user: easyconnect, at Wed Nov 10 08:51:24 2021 in 0.957 ms
Read token from file for user: easyconnect, at Wed Nov 10 08:51:24 2021 in 0.957 ms
Read token from file for user: easyconnect, at Wed Nov 10 08:51:24 2021 in 0.1898 ms
Read token from file for user: easyconnect, at Wed Nov 10 08:51:24 2021 in 0.1898 ms
Found token for user: easyconnect in 0.443 ms, at Wed Nov 10 08:51:24 2021
Found token for user: easyconnect in 0.443 ms, at Wed Nov 10 08:51:24 2021
TokenLoginHandler initialized
TokenLoginHandler initialized
TokenLoginHandler initialized
TokenLoginHandler initialized
TokenLoginHandler initialized
TokenLoginHandler initialized
TokenLoginHandler initialized
TokenLoginHandler initialized
TokenLoginHandler initialized
TokenLoginHandler initialized
User not found in file (tokengeneratortest) at Wed Nov 10 18:13:17 2021
User not found in file (tokengeneratortest) at Wed Nov 10 18:13:17 2021
User not found in file (tokengeneratortest) at Wed Nov 10 18:13:17 2021
User not found in file (tokengeneratortest) at Wed Nov 10 18:13:17 2021
User not found in file (tokengeneratortest) at Wed Nov 10 18:13:17 2021
User not found in file (tokengeneratortest) at Wed Nov 10 18:13:17 2021
User not found in file (tokengeneratortest) at Wed Nov 10 18:13:17 2021
User not found in file (tokengeneratortest) at Wed Nov 10 18:13:17 2021
Wrote tokens to file in 0.205 ms, at Wed Nov 10 18:13:17 2021
Wrote tokens to file in 0.205 ms, at Wed Nov 10 18:13:17 2021
Wrote tokens to file in 0.205 ms, at Wed Nov 10 18:13:17 2021
Wrote tokens to file in 0.205 ms, at Wed Nov 10 18:13:17 2021
Generated token for user: TokenGeneratorTest in 3.552 ms, at Wed Nov 10 18:13:17 2021
Generated token for user: TokenGeneratorTest in 3.552 ms, at Wed Nov 10 18:13:17 2021
Generated token for user: TokenGeneratorTest in 3.552 ms, at Wed Nov 10 18:13:17 2021
Generated token for user: TokenGeneratorTest in 3.552 ms, at Wed Nov 10 18:13:17 2021
Read token from file for user: tokengeneratortest, at Wed Nov 10 18:13:18 2021 in 0.2348 ms
Read token from file for user: tokengeneratortest, at Wed Nov 10 18:13:18 2021 in 0.2348 ms
Read token from file for user: tokengeneratortest, at Wed Nov 10 18:13:18 2021 in 0.2348 ms
Read token from file for user: tokengeneratortest, at Wed Nov 10 18:13:18 2021 in 0.2348 ms
Found token for user: TokenGeneratorTest in 0.695 ms, at Wed Nov 10 18:13:18 2021
Found token for user: TokenGeneratorTest in 0.695 ms, at Wed Nov 10 18:13:18 2021
Found token for user: TokenGeneratorTest in 0.695 ms, at Wed Nov 10 18:13:18 2021
Found token for user: TokenGeneratorTest in 0.695 ms, at Wed Nov 10 18:13:18 2021
TokenLoginHandler initialized
TokenLoginHandler initialized
TokenLoginHandler initialized
TokenLoginHandler initialized
TokenLoginHandler initialized
TokenLoginHandler initialized
TokenLoginHandler initialized
TokenLoginHandler initialized
TokenLoginHandler initialized
TokenLoginHandler initialized
TokenLoginHandler initialized
TokenLoginHandler initialized
TokenLoginHandler initialized
TokenLoginHandler initialized
TokenLoginHandler initialized
TokenLoginHandler initialized
TokenLoginHandler initialized
TokenLoginHandler initialized
Read token from file for user: tokengeneratortest, at Wed Nov 10 18:15:31 2021 in 0.9201 ms
Read token from file for user: tokengeneratortest, at Wed Nov 10 18:15:31 2021 in 0.9201 ms
Read token from file for user: tokengeneratortest, at Wed Nov 10 18:15:31 2021 in 0.9201 ms
Read token from file for user: tokengeneratortest, at Wed Nov 10 18:15:31 2021 in 0.9201 ms
Read token from file for user: tokengeneratortest, at Wed Nov 10 18:15:31 2021 in 0.9201 ms
Read token from file for user: tokengeneratortest, at Wed Nov 10 18:15:31 2021 in 0.9201 ms
Read token from file for user: tokengeneratortest, at Wed Nov 10 18:15:31 2021 in 0.9201 ms
Read token from file for user: tokengeneratortest, at Wed Nov 10 18:15:31 2021 in 0.2768 ms
Read token from file for user: tokengeneratortest, at Wed Nov 10 18:15:31 2021 in 0.2768 ms
Read token from file for user: tokengeneratortest, at Wed Nov 10 18:15:31 2021 in 0.2768 ms
Read token from file for user: tokengeneratortest, at Wed Nov 10 18:15:31 2021 in 0.2768 ms
Read token from file for user: tokengeneratortest, at Wed Nov 10 18:15:31 2021 in 0.2768 ms
Read token from file for user: tokengeneratortest, at Wed Nov 10 18:15:31 2021 in 0.2768 ms
Read token from file for user: tokengeneratortest, at Wed Nov 10 18:15:31 2021 in 0.2768 ms
Found token for user: token Generator test in 0.8268 ms, at Wed Nov 10 18:15:31 2021
Found token for user: token Generator test in 0.8268 ms, at Wed Nov 10 18:15:31 2021
Found token for user: token Generator test in 0.8268 ms, at Wed Nov 10 18:15:31 2021
Found token for user: token Generator test in 0.8268 ms, at Wed Nov 10 18:15:31 2021
Found token for user: token Generator test in 0.8268 ms, at Wed Nov 10 18:15:31 2021
Found token for user: token Generator test in 0.8268 ms, at Wed Nov 10 18:15:31 2021
Found token for user: token Generator test in 0.8268 ms, at Wed Nov 10 18:15:31 2021
TokenLoginHandler initialized
TokenLoginHandler initialized
TokenLoginHandler initialized
TokenLoginHandler initialized
TokenLoginHandler initialized
TokenLoginHandler initialized
TokenLoginHandler initialized
TokenLoginHandler initialized
TokenLoginHandler initialized
TokenLoginHandler initialized
TokenLoginHandler initialized
TokenLoginHandler initialized
TokenLoginHandler initialized
TokenLoginHandler initialized
TokenLoginHandler initialized
TokenLoginHandler initialized
TokenLoginHandler initialized
Read token from file for user: tokengeneratortest, at Wed Nov 10 18:16:00 2021 in 0.458 ms
Read token from file for user: tokengeneratortest, at Wed Nov 10 18:16:00 2021 in 0.458 ms
Read token from file for user: tokengeneratortest, at Wed Nov 10 18:16:00 2021 in 0.458 ms
Read token from file for user: tokengeneratortest, at Wed Nov 10 18:16:00 2021 in 0.458 ms
Read token from file for user: tokengeneratortest, at Wed Nov 10 18:16:00 2021 in 0.458 ms
Read token from file for user: tokengeneratortest, at Wed Nov 10 18:16:00 2021 in 0.458 ms
Read token from file for user: tokengeneratortest, at Wed Nov 10 18:16:00 2021 in 0.458 ms
Read token from file for user: tokengeneratortest, at Wed Nov 10 18:16:00 2021 in 0.458 ms
Read token from file for user: tokengeneratortest, at Wed Nov 10 18:16:00 2021 in 0.458 ms
Read token from file for user: tokengeneratortest, at Wed Nov 10 18:16:00 2021 in 0.1237 ms
Read token from file for user: tokengeneratortest, at Wed Nov 10 18:16:00 2021 in 0.1237 ms
Read token from file for user: tokengeneratortest, at Wed Nov 10 18:16:00 2021 in 0.1237 ms
Read token from file for user: tokengeneratortest, at Wed Nov 10 18:16:00 2021 in 0.1237 ms
Read token from file for user: tokengeneratortest, at Wed Nov 10 18:16:00 2021 in 0.1237 ms
Read token from file for user: tokengeneratortest, at Wed Nov 10 18:16:00 2021 in 0.1237 ms
Read token from file for user: tokengeneratortest, at Wed Nov 10 18:16:00 2021 in 0.1237 ms
Read token from file for user: tokengeneratortest, at Wed Nov 10 18:16:00 2021 in 0.1237 ms
Read token from file for user: tokengeneratortest, at Wed Nov 10 18:16:00 2021 in 0.1237 ms
Found token for user: token Generator test in 0.4952 ms, at Wed Nov 10 18:16:00 2021
Found token for user: token Generator test in 0.4952 ms, at Wed Nov 10 18:16:00 2021
Found token for user: token Generator test in 0.4952 ms, at Wed Nov 10 18:16:00 2021
Found token for user: token Generator test in 0.4952 ms, at Wed Nov 10 18:16:00 2021
Found token for user: token Generator test in 0.4952 ms, at Wed Nov 10 18:16:00 2021
Found token for user: token Generator test in 0.4952 ms, at Wed Nov 10 18:16:00 2021
Found token for user: token Generator test in 0.4952 ms, at Wed Nov 10 18:16:00 2021
Found token for user: token Generator test in 0.4952 ms, at Wed Nov 10 18:16:00 2021
Found token for user: token Generator test in 0.4952 ms, at Wed Nov 10 18:16:00 2021
TokenLoginHandler initialized
TokenLoginHandler initialized
TokenLoginHandler initialized
TokenLoginHandler initialized
TokenLoginHandler initialized
TokenLoginHandler initialized
TokenLoginHandler initialized
TokenLoginHandler initialized
TokenLoginHandler initialized
TokenLoginHandler initialized
TokenLoginHandler initialized
TokenLoginHandler initialized
TokenLoginHandler initialized
TokenLoginHandler initialized
TokenLoginHandler initialized
TokenLoginHandler initialized
TokenLoginHandler initialized
TokenLoginHandler initialized
TokenLoginHandler initialized
TokenLoginHandler initialized
TokenLoginHandler initialized
TokenLoginHandler initialized
TokenLoginHandler initialized
TokenLoginHandler initialized
TokenLoginHandler initialized
TokenLoginHandler initialized
TokenLoginHandler initialized
TokenLoginHandler initialized
TokenLoginHandler initialized
TokenLoginHandler initialized
TokenLoginHandler initialized
TokenLoginHandler initialized
TokenLoginHandler initialized
TokenLoginHandler initialized
TokenLoginHandler initialized
TokenLoginHandler initialized
TokenLoginHandler initialized
TokenLoginHandler initialized
TokenLoginHandler initialized
TokenLoginHandler initialized
TokenLoginHandler initialized
TokenLoginHandler initialized
TokenLoginHandler initialized
TokenLoginHandler initialized
TokenLoginHandler initialized
TokenLoginHandler initialized
TokenLoginHandler initialized
TokenLoginHandler initialized
TokenLoginHandler initialized
TokenLoginHandler initialized
TokenLoginHandler initialized
TokenLoginHandler initialized
TokenLoginHandler initialized
TokenLoginHandler initialized
TokenLoginHandler initialized
TokenLoginHandler initialized
TokenLoginHandler initialized
TokenLoginHandler initialized
TokenLoginHandler initialized
TokenLoginHandler initialized
TokenLoginHandler initialized
TokenLoginHandler initialized
TokenLoginHandler initialized
TokenLoginHandler initialized
TokenLoginHandler initialized
TokenLoginHandler initialized
TokenLoginHandler initialized
TokenLoginHandler initialized
TokenLoginHandler initialized
TokenLoginHandler initialized
TokenLoginHandler initialized
TokenLoginHandler initialized
TokenLoginHandler initialized
TokenLoginHandler initialized
TokenLoginHandler initialized
TokenLoginHandler initialized
TokenLoginHandler initialized
TokenLoginHandler initialized
TokenLoginHandler initialized
TokenLoginHandler initialized
TokenLoginHandler initialized
TokenLoginHandler initialized
TokenLoginHandler initialized
TokenLoginHandler initialized
TokenLoginHandler initialized
TokenLoginHandler initialized
TokenLoginHandler initialized
TokenLoginHandler initialized
TokenLoginHandler initialized
TokenLoginHandler initialized
TokenLoginHandler initialized
TokenLoginHandler initialized
TokenLoginHandler initialized
TokenLoginHandler initialized
TokenLoginHandler initialized
TokenLoginHandler initialized
TokenLoginHandler initialized
TokenLoginHandler initialized
TokenLoginHandler initialized
TokenLoginHandler initialized
TokenLoginHandler initialized
TokenLoginHandler initialized
TokenLoginHandler initialized
TokenLoginHandler initialized
TokenLoginHandler initialized
TokenLoginHandler initialized
TokenLoginHandler initialized
TokenLoginHandler initialized
TokenLoginHandler initialized
TokenLoginHandler initialized
TokenLoginHandler initialized
TokenLoginHandler initialized
TokenLoginHandler initialized
TokenLoginHandler initialized
TokenLoginHandler initialized
TokenLoginHandler initialized
TokenLoginHandler initialized
TokenLoginHandler initialized
TokenLoginHandler initialized
TokenLoginHandler initialized
TokenLoginHandler initialized
TokenLoginHandler initialized
TokenLoginHandler initialized
TokenLoginHandler initialized
TokenLoginHandler initialized
TokenLoginHandler initialized
TokenLoginHandler initialized
TokenLoginHandler initialized
TokenLoginHandler initialized
TokenLoginHandler initialized
TokenLoginHandler initialized
TokenLoginHandler initialized
TokenLoginHandler initialized
TokenLoginHandler initialized
TokenLoginHandler initialized
TokenLoginHandler initialized
TokenLoginHandler initialized
TokenLoginHandler initialized
TokenLoginHandler initialized
TokenLoginHandler initialized
TokenLoginHandler initialized
TokenLoginHandler initialized
TokenLoginHandler initialized
TokenLoginHandler initialized
TokenLoginHandler initialized
TokenLoginHandler initialized
TokenLoginHandler initialized
TokenLoginHandler initialized
TokenLoginHandler initialized
TokenLoginHandler initialized
TokenLoginHandler initialized
TokenLoginHandler initialized
TokenLoginHandler initialized
TokenLoginHandler initialized
TokenLoginHandler initialized
TokenLoginHandler initialized
TokenLoginHandler initialized
TokenLoginHandler initialized
TokenLoginHandler initialized
TokenLoginHandler initialized
TokenLoginHandler initialized
TokenLoginHandler initialized
TokenLoginHandler initialized
TokenLoginHandler initialized
TokenLoginHandler initialized
TokenLoginHandler initialized
TokenLoginHandler initialized
TokenLoginHandler initialized
TokenLoginHandler initialized
TokenLoginHandler initialized
TokenLoginHandler initialized
TokenLoginHandler initialized
TokenLoginHandler initialized
TokenLoginHandler initialized
TokenLoginHandler initialized
TokenLoginHandler initialized
TokenLoginHandler initialized
TokenLoginHandler initialized
TokenLoginHandler initialized
TokenLoginHandler initialized
TokenLoginHandler initialized
TokenLoginHandler initialized
TokenLoginHandler initialized
TokenLoginHandler initialized
TokenLoginHandler initialized
TokenLoginHandler initialized
TokenLoginHandler initialized
TokenLoginHandler initialized
TokenLoginHandler initialized
TokenLoginHandler initialized
TokenLoginHandler initialized
TokenLoginHandler initialized
TokenLoginHandler initialized
TokenLoginHandler initialized
TokenLoginHandler initialized
TokenLoginHandler initialized
TokenLoginHandler initialized
TokenLoginHandler initialized
TokenLoginHandler initialized
TokenLoginHandler initialized
TokenLoginHandler initialized
TokenLoginHandler initialized
TokenLoginHandler initialized
User not found in file (thisisatest) at Wed Nov 10 21:16:17 2021
User not found in file (thisisatest) at Wed Nov 10 21:16:17 2021
User not found in file (thisisatest) at Wed Nov 10 21:16:17 2021
User not found in file (thisisatest) at Wed Nov 10 21:16:17 2021
Wrote tokens to file in 0.16 ms, at Wed Nov 10 21:16:17 2021
Wrote tokens to file in 0.16 ms, at Wed Nov 10 21:16:17 2021
Generated token for user: This is a TeSt in 3.7019 ms, at Wed Nov 10 21:16:17 2021
Generated token for user: This is a TeSt in 3.7019 ms, at Wed Nov 10 21:16:17 2021
Read token from file for user: thisisatest, at Wed Nov 10 21:16:17 2021 in 0.1581 ms
Read token from file for user: thisisatest, at Wed Nov 10 21:16:17 2021 in 0.1581 ms
Found token for user: This is a TeSt in 0.3791 ms, at Wed Nov 10 21:16:17 2021
Found token for user: This is a TeSt in 0.3791 ms, at Wed Nov 10 21:16:17 2021
TokenLoginHandler initialized
TokenLoginHandler initialized
TokenLoginHandler initialized
TokenLoginHandler initialized
TokenLoginHandler initialized
TokenLoginHandler initialized
TokenLoginHandler initialized
Read token from file for user: thisisatest, at Wed Nov 10 21:17:43 2021 in 1.0202 ms
Read token from file for user: thisisatest, at Wed Nov 10 21:17:43 2021 in 1.0202 ms
Read token from file for user: thisisatest, at Wed Nov 10 21:17:43 2021 in 1.0202 ms
Read token from file for user: thisisatest, at Wed Nov 10 21:17:43 2021 in 1.0202 ms
Read token from file for user: thisisatest, at Wed Nov 10 21:17:43 2021 in 0.169 ms
Read token from file for user: thisisatest, at Wed Nov 10 21:17:43 2021 in 0.169 ms
Read token from file for user: thisisatest, at Wed Nov 10 21:17:43 2021 in 0.169 ms
Read token from file for user: thisisatest, at Wed Nov 10 21:17:43 2021 in 0.169 ms
Found token for user: this is a test in 0.4358 ms, at Wed Nov 10 21:17:43 2021
Found token for user: this is a test in 0.4358 ms, at Wed Nov 10 21:17:43 2021
Found token for user: this is a test in 0.4358 ms, at Wed Nov 10 21:17:43 2021
Found token for user: this is a test in 0.4358 ms, at Wed Nov 10 21:17:43 2021
TokenLoginHandler initialized
TokenLoginHandler initialized
TokenLoginHandler initialized
TokenLoginHandler initialized
TokenLoginHandler initialized
TokenLoginHandler initialized
TokenLoginHandler initialized
TokenLoginHandler initialized
TokenLoginHandler initialized
TokenLoginHandler initialized
TokenLoginHandler initialized
Read token from file for user: thisisatest, at Wed Nov 10 21:18:07 2021 in 0.648 ms
Read token from file for user: thisisatest, at Wed Nov 10 21:18:07 2021 in 0.648 ms
Read token from file for user: thisisatest, at Wed Nov 10 21:18:07 2021 in 0.648 ms
Read token from file for user: thisisatest, at Wed Nov 10 21:18:07 2021 in 0.648 ms
Read token from file for user: thisisatest, at Wed Nov 10 21:18:07 2021 in 0.648 ms
Read token from file for user: thisisatest, at Wed Nov 10 21:18:07 2021 in 0.648 ms
Read token from file for user: thisisatest, at Wed Nov 10 21:18:07 2021 in 0.2079 ms
Read token from file for user: thisisatest, at Wed Nov 10 21:18:07 2021 in 0.2079 ms
Read token from file for user: thisisatest, at Wed Nov 10 21:18:07 2021 in 0.2079 ms
Read token from file for user: thisisatest, at Wed Nov 10 21:18:07 2021 in 0.2079 ms
Read token from file for user: thisisatest, at Wed Nov 10 21:18:07 2021 in 0.2079 ms
Read token from file for user: thisisatest, at Wed Nov 10 21:18:07 2021 in 0.2079 ms
Found token for user: this is a test in 0.7722 ms, at Wed Nov 10 21:18:07 2021
Found token for user: this is a test in 0.7722 ms, at Wed Nov 10 21:18:07 2021
Found token for user: this is a test in 0.7722 ms, at Wed Nov 10 21:18:07 2021
Found token for user: this is a test in 0.7722 ms, at Wed Nov 10 21:18:07 2021
Found token for user: this is a test in 0.7722 ms, at Wed Nov 10 21:18:07 2021
Found token for user: this is a test in 0.7722 ms, at Wed Nov 10 21:18:07 2021
TokenLoginHandler initialized
TokenLoginHandler initialized
TokenLoginHandler initialized
Read token from file for user: thisisatest, at Wed Nov 10 21:21:14 2021 in 1.1308 ms
Read token from file for user: thisisatest, at Wed Nov 10 21:21:14 2021 in 1.1308 ms
TokenLoginHandler initialized
TokenLoginHandler initialized
TokenLoginHandler initialized
